
[英超/2024-2025] 开始处理...
[英超/2024-2025] 找到 380 场比赛
  2590898 already exists
  2590899 already exists
  2590900 already exists
  2590901 already exists
  2590902 already exists
  进度: 5/380 (1%)
  2590903 already exists
  2590904 already exists
  2590905 already exists
  2590906 already exists
  2590907 already exists
  进度: 10/380 (3%)
  2590910 already exists
  2590911 already exists
  2590912 already exists
  2590914 already exists
  2590915 already exists
  进度: 15/380 (4%)
  2590916 already exists
  2590909 already exists
  2590908 already exists
  2590917 already exists
  2590913 already exists
  进度: 20/380 (5%)
  2590918 already exists
  2590919 already exists
  2590921 already exists
  2590922 already exists
  2590926 already exists
  进度: 25/380 (7%)
  2590923 already exists
  2590927 already exists
  2590920 already exists
  2590925 already exists
  2590924 already exists
  进度: 30/380 (8%)
  2590935 already exists
  2590930 already exists
  2590931 already exists
  2590933 already exists
  2590934 already exists
  进度: 35/380 (9%)
  2590932 already exists
  2590929 already exists
  2590928 already exists
  2590936 already exists
  2590937 already exists
  进度: 40/380 (11%)
  2590947 already exists
  2590943 already exists
  2590938 already exists
  2590941 already exists
  2590942 already exists
  进度: 45/380 (12%)
  2590945 already exists
  2590946 already exists
  2590940 already exists
  2590939 already exists
  2590944 already exists
  进度: 50/380 (13%)
  2590955 already exists
  2590949 already exists
  2590951 already exists
  2590950 already exists
  2590952 already exists
  进度: 55/380 (14%)
  2590956 already exists
  2590957 already exists
  2590953 already exists
  2590954 already exists
  2590948 already exists
  进度: 60/380 (16%)
  2590963 already exists
  2590966 already exists
  2590958 already exists
  2590960 already exists
  2590965 already exists
  进度: 65/380 (17%)
  2590967 already exists
  2590964 already exists
  2590959 already exists
  2590962 already exists
  2590961 already exists
  进度: 70/380 (18%)
  2590976 already exists
  2590969 already exists
  2590972 already exists
  2590973 already exists
  2590975 already exists
  进度: 75/380 (20%)
  2590970 already exists
  2590968 already exists
  2590977 already exists
  2590971 already exists
  2590974 already exists
  进度: 80/380 (21%)
  2590985 already exists
  2590979 already exists
  2590980 already exists
  2590981 already exists
  2590986 already exists
  进度: 85/380 (22%)
  2590987 downloaded (222096 bytes)
  2590982 downloaded (302791 bytes)
  2590984 downloaded (213336 bytes)
  2590983 downloaded (320982 bytes)
  2590978 downloaded (351906 bytes)
  进度: 90/380 (24%)
  2590994 downloaded (202853 bytes)
  2590990 downloaded (166924 bytes)
  2590988 downloaded (344617 bytes)
  2590991 downloaded (347380 bytes)
  2590993 downloaded (353847 bytes)
  进度: 95/380 (25%)
  2590995 downloaded (167523 bytes)
  2590989 downloaded (305471 bytes)
  2590997 downloaded (250638 bytes)
  2590996 downloaded (356390 bytes)
  2590992 downloaded (256384 bytes)
  进度: 100/380 (26%)
  2590998 downloaded (193911 bytes)
  2591006 downloaded (254889 bytes)
  2591007 downloaded (264109 bytes)
  2591001 downloaded (239571 bytes)
  2590999 downloaded (333022 bytes)
  进度: 105/380 (28%)
  2591000 downloaded (286045 bytes)
  2591005 downloaded (390018 bytes)
  2591002 downloaded (374477 bytes)
  2591004 downloaded (201434 bytes)
  2591003 downloaded (297802 bytes)
  进度: 110/380 (29%)
  2591009 downloaded (402226 bytes)
  2591008 downloaded (226060 bytes)
  2591011 downloaded (232222 bytes)
  2591014 downloaded (466249 bytes)
  2591010 downloaded (389654 bytes)
  进度: 115/380 (30%)
  2591016 downloaded (415422 bytes)
  2591012 downloaded (364706 bytes)
  2591013 downloaded (441857 bytes)
  2591017 downloaded (401265 bytes)
  2591015 downloaded (498120 bytes)
  进度: 120/380 (32%)
  2591027 downloaded (267589 bytes)
  2591018 downloaded (340003 bytes)
  2591024 downloaded (334290 bytes)
  2591021 downloaded (251082 bytes)
  2591019 downloaded (358442 bytes)
  进度: 125/380 (33%)
  2591023 downloaded (361566 bytes)
  2591026 downloaded (360602 bytes)
  2591022 downloaded (394049 bytes)
  2591025 downloaded (439468 bytes)
  2591020 downloaded (354621 bytes)
  进度: 130/380 (34%)
  2591033 downloaded (218536 bytes)
  2591035 downloaded (444076 bytes)
  2591036 downloaded (471234 bytes)
  2591031 downloaded (227569 bytes)
  2591034 downloaded (292725 bytes)
  进度: 135/380 (36%)
  2591032 downloaded (268748 bytes)
  2591030 downloaded (340895 bytes)
  2591028 downloaded (336911 bytes)
  2591037 downloaded (394789 bytes)
  2591029 downloaded (388059 bytes)
  进度: 140/380 (37%)
  2591042 downloaded (291993 bytes)
  2591045 downloaded (260871 bytes)
  2591039 downloaded (185356 bytes)
  2591040 downloaded (281203 bytes)
  2591038 downloaded (294769 bytes)
  进度: 145/380 (38%)
  2591043 downloaded (283616 bytes)
  2591041 downloaded (127072 bytes)
  2591046 downloaded (372057 bytes)
  2591047 downloaded (401495 bytes)
  2591044 downloaded (347410 bytes)
  进度: 150/380 (39%)
  2591055 downloaded (209845 bytes)
  2591052 downloaded (299146 bytes)
  2591057 downloaded (228443 bytes)
  2591049 downloaded (260052 bytes)
  2591054 downloaded (319332 bytes)
  进度: 155/380 (41%)
  2591050 downloaded (287489 bytes)
  2591051 downloaded (365320 bytes)
  2591048 downloaded (423650 bytes)
  2591053 downloaded (383728 bytes)
  2591056 downloaded (398042 bytes)
  进度: 160/380 (42%)
  2591060 downloaded (336448 bytes)
  2591058 downloaded (302441 bytes)
  2591059 downloaded (258507 bytes)
  2591067 downloaded (219970 bytes)
  2591063 downloaded (274731 bytes)
  进度: 165/380 (43%)
  2591064 downloaded (292182 bytes)
  2591061 downloaded (344649 bytes)
  2591066 downloaded (480515 bytes)
  2591062 downloaded (442633 bytes)
  2591065 downloaded (343114 bytes)
  进度: 170/380 (45%)
  2591076 downloaded (296235 bytes)
  2591074 downloaded (375287 bytes)
  2591075 downloaded (290242 bytes)
  2591068 downloaded (398345 bytes)
  2591073 downloaded (393693 bytes)
  进度: 175/380 (46%)
  2591071 downloaded (338865 bytes)
  2591072 downloaded (439555 bytes)
  2591070 downloaded (314627 bytes)
  2591077 downloaded (478063 bytes)
  2591069 downloaded (439125 bytes)
  进度: 180/380 (47%)
  2591081 downloaded (252821 bytes)
  2591082 downloaded (280083 bytes)
  2591080 downloaded (271055 bytes)
  2591084 downloaded (392172 bytes)
  2591086 downloaded (365959 bytes)
  进度: 185/380 (49%)
  2591087 downloaded (309926 bytes)
  2591079 downloaded (397588 bytes)
  2591085 downloaded (350678 bytes)
  2591078 downloaded (390218 bytes)
  2591083 downloaded (383505 bytes)
  进度: 190/380 (50%)
  2591094 downloaded (421208 bytes)
  2591088 downloaded (315795 bytes)
  2591096 downloaded (449448 bytes)
  2591089 downloaded (324510 bytes)
  2591091 downloaded (368470 bytes)
  进度: 195/380 (51%)
  2591095 downloaded (285464 bytes)
  2591097 downloaded (399275 bytes)
  2591092 downloaded (354112 bytes)
  2591090 downloaded (371961 bytes)
  2591093 downloaded (589567 bytes)
  进度: 200/380 (53%)
  2591099 downloaded (353190 bytes)
  2591103 downloaded (366251 bytes)
  2591100 downloaded (304259 bytes)
  2591104 downloaded (301969 bytes)
  2591105 downloaded (355940 bytes)
  进度: 205/380 (54%)
  2591107 downloaded (336050 bytes)
  2591102 downloaded (331861 bytes)
  2591101 downloaded (323218 bytes)
  2591098 downloaded (508209 bytes)
  2591106 downloaded (387736 bytes)
  进度: 210/380 (55%)
  2591117 downloaded (276259 bytes)
  2591113 downloaded (287935 bytes)
  2591115 downloaded (243225 bytes)
  2591109 downloaded (353196 bytes)
  2591108 downloaded (323482 bytes)
  进度: 215/380 (57%)
  2591114 downloaded (271121 bytes)
  2591111 downloaded (287383 bytes)
  2591110 downloaded (432039 bytes)
  2591116 downloaded (321798 bytes)
  2591112 downloaded (354866 bytes)
  进度: 220/380 (58%)
  2591120 downloaded (223838 bytes)
  2591118 downloaded (224488 bytes)
  2591125 downloaded (259576 bytes)
  2591123 downloaded (241475 bytes)
  2591127 downloaded (227609 bytes)
  进度: 225/380 (59%)
  2591121 downloaded (220568 bytes)
  2591126 downloaded (283294 bytes)
  2591122 downloaded (302239 bytes)
  2591124 downloaded (285118 bytes)
  2591119 downloaded (260179 bytes)
  进度: 230/380 (61%)
  2591128 downloaded (243193 bytes)
  2591136 downloaded (260783 bytes)
  2591132 downloaded (265415 bytes)
  2591135 downloaded (196884 bytes)
  2591133 downloaded (269662 bytes)
  进度: 235/380 (62%)
  2591137 downloaded (245242 bytes)
  2591129 downloaded (377430 bytes)
  2591130 downloaded (288607 bytes)
  2591131 downloaded (358892 bytes)
  2591134 downloaded (371946 bytes)
  进度: 240/380 (63%)
  2591139 downloaded (245834 bytes)
  2591144 downloaded (316969 bytes)
  2591142 downloaded (343919 bytes)
  2591141 downloaded (259313 bytes)
  2591138 downloaded (324477 bytes)
  进度: 245/380 (64%)
  2591146 downloaded (284172 bytes)
  2591140 downloaded (329920 bytes)
  2591147 downloaded (240544 bytes)
  2591143 downloaded (371475 bytes)
  2591145 downloaded (305390 bytes)
  进度: 250/380 (66%)
  2591154 downloaded (274197 bytes)
  2591157 downloaded (250803 bytes)
  2591151 downloaded (293694 bytes)
  2591148 downloaded (261006 bytes)
  2591149 downloaded (359764 bytes)
  进度: 255/380 (67%)
  2591150 downloaded (265817 bytes)
  2591156 downloaded (317857 bytes)
  2591152 downloaded (220269 bytes)
  2591155 downloaded (331499 bytes)
  2591153 downloaded (339058 bytes)
  进度: 260/380 (68%)
  2591164 downloaded (257964 bytes)
  2591158 downloaded (221932 bytes)
  2591159 downloaded (259512 bytes)
  2591165 downloaded (312661 bytes)
  2591163 downloaded (239723 bytes)
  进度: 265/380 (70%)
  2591167 downloaded (229573 bytes)
  2591161 downloaded (293650 bytes)
  2591166 downloaded (282109 bytes)
  2591160 downloaded (297028 bytes)
  2591162 downloaded (279680 bytes)
  进度: 270/380 (71%)
  2591169 downloaded (195001 bytes)
  2591172 downloaded (309741 bytes)
  2591171 downloaded (276566 bytes)
  2591174 downloaded (297173 bytes)
  2591168 downloaded (253835 bytes)
  进度: 275/380 (72%)
  2591175 downloaded (266909 bytes)
  2591173 downloaded (322981 bytes)
  2591177 downloaded (243741 bytes)
  2591176 downloaded (291019 bytes)
  2591170 downloaded (307419 bytes)
  进度: 280/380 (74%)
  2591180 downloaded (252691 bytes)
  2591185 downloaded (222877 bytes)
  2591187 downloaded (278735 bytes)
  2591181 downloaded (216722 bytes)
  2591183 downloaded (266231 bytes)
  进度: 285/380 (75%)
  2591184 downloaded (294731 bytes)
  2591179 downloaded (218544 bytes)
  2591186 downloaded (209072 bytes)
  2591178 downloaded (220572 bytes)
  2591182 downloaded (261083 bytes)
  进度: 290/380 (76%)
  2591191 downloaded (335443 bytes)
  2591190 downloaded (357567 bytes)
  2591192 downloaded (360616 bytes)
  2591188 downloaded (348803 bytes)
  2591189 downloaded (399493 bytes)
  进度: 295/380 (78%)
  2591195 downloaded (292253 bytes)
  2591196 downloaded (388623 bytes)
  2591193 downloaded (324535 bytes)
  2591194 downloaded (461764 bytes)
  2591197 downloaded (410434 bytes)
  进度: 300/380 (79%)
  2591198 downloaded (259754 bytes)
  2591200 downloaded (208541 bytes)
  2591201 downloaded (336108 bytes)
  2591207 downloaded (222704 bytes)
  2591203 downloaded (243286 bytes)
  进度: 305/380 (80%)
  2591206 downloaded (279638 bytes)
  2591202 downloaded (280228 bytes)
  2591199 downloaded (239305 bytes)
  2591205 downloaded (277160 bytes)
  2591204 downloaded (413144 bytes)
  进度: 310/380 (82%)
  2591215 downloaded (191577 bytes)
  2591210 downloaded (222742 bytes)
  2591216 downloaded (176184 bytes)
  2591209 downloaded (263131 bytes)
  2591213 downloaded (207595 bytes)
  进度: 315/380 (83%)
  2591217 downloaded (193157 bytes)
  2591214 downloaded (200301 bytes)
  2591211 downloaded (244489 bytes)
  2591212 downloaded (212740 bytes)
  2591208 downloaded (243466 bytes)
  进度: 320/380 (84%)
  2591219 downloaded (185771 bytes)
  2591221 downloaded (216137 bytes)
  2591218 downloaded (184840 bytes)
  2591220 downloaded (199911 bytes)
  2591227 downloaded (205406 bytes)
  进度: 325/380 (86%)
  2591223 downloaded (266474 bytes)
  2591224 downloaded (244269 bytes)
  2591225 downloaded (273077 bytes)
  2591222 downloaded (215232 bytes)
  2591226 downloaded (239082 bytes)
  进度: 330/380 (87%)
  2591234 downloaded (202118 bytes)
  2591233 downloaded (223459 bytes)
  2591237 downloaded (159578 bytes)
  2591229 downloaded (260290 bytes)
  2591231 downloaded (201266 bytes)
  进度: 335/380 (88%)
  2591230 downloaded (152027 bytes)
  2591228 downloaded (231738 bytes)
  2591236 downloaded (187775 bytes)
  2591235 downloaded (206363 bytes)
  2591232 downloaded (266391 bytes)
  进度: 340/380 (89%)
  2591245 downloaded (150767 bytes)
  2591239 downloaded (190309 bytes)
  2591246 downloaded (213068 bytes)
  2591244 downloaded (188405 bytes)
  2591238 downloaded (268041 bytes)
  进度: 345/380 (91%)
  2591247 downloaded (156645 bytes)
  2591242 downloaded (257519 bytes)
  2591241 downloaded (174378 bytes)
  2591243 downloaded (253998 bytes)
  2591240 downloaded (249009 bytes)
  进度: 350/380 (92%)
  2591257 downloaded (163964 bytes)
  2591250 downloaded (196610 bytes)
  2591249 downloaded (179802 bytes)
  2591248 downloaded (175678 bytes)
  2591255 downloaded (213540 bytes)
  进度: 355/380 (93%)
  2591253 downloaded (197099 bytes)
  2591256 downloaded (184050 bytes)
  2591251 downloaded (275845 bytes)
  2591254 downloaded (224089 bytes)
  2591252 downloaded (221512 bytes)
  进度: 360/380 (95%)
  2591265 downloaded (158384 bytes)
  2591264 downloaded (192762 bytes)
  2591267 downloaded (198514 bytes)
  2591262 downloaded (249461 bytes)
  2591259 downloaded (225647 bytes)
  进度: 365/380 (96%)
  2591260 downloaded (199875 bytes)
  2591263 downloaded (260663 bytes)
  2591258 downloaded (235416 bytes)
  2591261 downloaded (283600 bytes)
  2591266 downloaded (392570 bytes)
  进度: 370/380 (97%)
  2591269 downloaded (195466 bytes)
  2591275 downloaded (221602 bytes)
  2591268 downloaded (228348 bytes)
  2591270 downloaded (160964 bytes)
  2591272 downloaded (222332 bytes)
  进度: 375/380 (99%)
  2591274 downloaded (210429 bytes)
  2591276 downloaded (240425 bytes)
  2591271 downloaded (238294 bytes)
  2591277 downloaded (195015 bytes)
  2591273 downloaded (222833 bytes)
  进度: 380/380 (100%)
[英超/2024-2025] 完成: 295 成功, 85 跳过, 0 失败

[英超/2023-2024] 开始处理...
[英超/2023-2024] 找到 380 场比赛
  2398989 downloaded (212125 bytes)
  2398986 downloaded (251797 bytes)
  2398990 downloaded (245152 bytes)
  2398988 downloaded (194269 bytes)
  2398985 downloaded (301496 bytes)
  进度: 5/380 (1%)
  2398993 downloaded (309619 bytes)
  2398991 downloaded (281854 bytes)
  2398987 downloaded (257138 bytes)
  2398994 downloaded (261226 bytes)
  2398992 downloaded (353885 bytes)
  进度: 10/380 (3%)
  2399074 downloaded (224710 bytes)
  2399069 downloaded (220229 bytes)
  2399076 downloaded (286747 bytes)
  2399070 downloaded (246549 bytes)
  2399073 downloaded (236259 bytes)
  进度: 15/380 (4%)
  2399068 downloaded (291415 bytes)
  2399075 downloaded (288015 bytes)
  2399071 downloaded (159306 bytes)
  2399067 downloaded (265130 bytes)
  2399072 downloaded (351955 bytes)
  进度: 20/380 (5%)
  2399082 downloaded (250240 bytes)
  2399083 downloaded (192122 bytes)
  2399077 downloaded (195164 bytes)
  2399078 downloaded (214504 bytes)
  2399084 downloaded (183426 bytes)
  进度: 25/380 (7%)
  2399079 downloaded (170729 bytes)
  2399085 downloaded (221272 bytes)
  2399086 downloaded (175257 bytes)
  2399081 downloaded (206987 bytes)
  2399080 downloaded (199801 bytes)
  进度: 30/380 (8%)
  2399094 downloaded (245776 bytes)
  2399096 downloaded (177768 bytes)
  2399088 downloaded (166390 bytes)
  2399095 downloaded (190254 bytes)
  2399091 downloaded (199943 bytes)
  进度: 35/380 (9%)
  2399093 downloaded (226233 bytes)
  2399087 downloaded (208426 bytes)
  2399092 downloaded (204138 bytes)
  2399089 downloaded (205911 bytes)
  2399090 downloaded (246057 bytes)
  进度: 40/380 (11%)
  2399101 downloaded (236938 bytes)
  2399097 downloaded (212413 bytes)
  2399104 downloaded (187001 bytes)
  2399106 downloaded (237640 bytes)
  2399100 downloaded (193156 bytes)
  进度: 45/380 (12%)
  2399099 downloaded (160622 bytes)
  2399098 downloaded (193727 bytes)
  2399102 downloaded (127865 bytes)
  2399105 downloaded (192528 bytes)
  2399103 downloaded (275797 bytes)
  进度: 50/380 (13%)
  2399108 downloaded (157427 bytes)
  2399115 downloaded (162306 bytes)
  2399114 downloaded (142187 bytes)
  2399110 downloaded (214643 bytes)
  2399112 downloaded (171644 bytes)
  进度: 55/380 (14%)
  2399109 downloaded (178815 bytes)
  2399111 downloaded (193079 bytes)
  2399113 downloaded (153009 bytes)
  2399116 downloaded (204400 bytes)
  2399107 downloaded (187812 bytes)
  进度: 60/380 (16%)
  2399117 downloaded (190137 bytes)
  2399125 downloaded (178951 bytes)
  2399122 downloaded (166446 bytes)
  2399121 downloaded (164450 bytes)
  2399118 downloaded (197780 bytes)
  进度: 65/380 (17%)
  2399124 downloaded (172092 bytes)
  2399119 downloaded (154989 bytes)
  2399120 downloaded (245090 bytes)
  2399126 downloaded (181044 bytes)
  2399123 downloaded (178856 bytes)
  进度: 70/380 (18%)
  2399132 downloaded (177420 bytes)
  2399134 downloaded (193154 bytes)
  2399129 downloaded (179372 bytes)
  2399133 downloaded (223594 bytes)
  2399131 downloaded (175200 bytes)
  进度: 75/380 (20%)
  2399135 downloaded (201241 bytes)
  2399127 downloaded (269167 bytes)
  2399130 downloaded (189713 bytes)
  2399128 downloaded (223776 bytes)
  2399136 downloaded (164042 bytes)
  进度: 80/380 (21%)
  2399141 downloaded (197776 bytes)
  2399142 downloaded (216619 bytes)
  2399139 downloaded (173731 bytes)
  2399143 downloaded (165103 bytes)
  2399138 downloaded (168317 bytes)
  进度: 85/380 (22%)
  2399144 downloaded (166464 bytes)
  2399145 downloaded (173546 bytes)
  2399140 downloaded (235296 bytes)
  2399137 downloaded (197649 bytes)
  2399146 downloaded (231995 bytes)
  进度: 90/380 (24%)
  2399156 downloaded (173071 bytes)
  2399149 downloaded (123961 bytes)
  2399147 downloaded (161117 bytes)
  2399151 downloaded (150112 bytes)
  2399152 downloaded (220610 bytes)
  进度: 95/380 (25%)
  2399150 downloaded (154913 bytes)
  2399154 downloaded (228496 bytes)
  2399148 downloaded (181695 bytes)
  2399153 downloaded (177862 bytes)
  2399155 downloaded (189531 bytes)
  进度: 100/380 (26%)
  2399158 downloaded (157122 bytes)
  2399159 downloaded (154067 bytes)
  2399157 downloaded (170829 bytes)
  2399165 downloaded (186382 bytes)
  2399160 downloaded (225224 bytes)
  进度: 105/380 (28%)
  2399163 downloaded (203542 bytes)
  2399164 downloaded (190447 bytes)
  2399162 downloaded (178810 bytes)
  2399166 downloaded (246608 bytes)
  2399161 downloaded (182556 bytes)
  进度: 110/380 (29%)
  2399172 downloaded (165228 bytes)
  2399167 downloaded (190865 bytes)
  2399174 downloaded (190684 bytes)
  2399169 downloaded (202736 bytes)
  2399176 downloaded (235516 bytes)
  进度: 115/380 (30%)
  2399168 downloaded (161286 bytes)
  2399170 downloaded (171642 bytes)
  2399173 downloaded (184650 bytes)
  2399171 downloaded (252342 bytes)
  2399175 downloaded (174050 bytes)
  进度: 120/380 (32%)
  2399183 downloaded (213650 bytes)
  2399178 downloaded (193564 bytes)
  2399184 downloaded (174554 bytes)
  2399181 downloaded (171013 bytes)
  2399182 downloaded (223022 bytes)
  进度: 125/380 (33%)
  2399186 downloaded (220902 bytes)
  2399180 downloaded (179481 bytes)
  2399179 downloaded (197518 bytes)
  2399177 downloaded (175551 bytes)
  2399185 downloaded (132555 bytes)
  进度: 130/380 (34%)
  2399189 downloaded (139522 bytes)
  2399194 downloaded (206809 bytes)
  2399190 downloaded (155175 bytes)
  2399195 downloaded (143192 bytes)
  2399187 downloaded (177751 bytes)
  进度: 135/380 (36%)
  2399192 downloaded (137798 bytes)
  2399188 downloaded (175625 bytes)
  2399191 downloaded (161857 bytes)
  2399196 downloaded (160320 bytes)
  2399193 downloaded (193936 bytes)
  进度: 140/380 (37%)
  2399201 downloaded (198923 bytes)
  2399205 downloaded (174844 bytes)
  2399204 downloaded (238739 bytes)
  2399202 downloaded (185441 bytes)
  2399198 downloaded (238760 bytes)
  进度: 145/380 (38%)
  2399200 downloaded (231799 bytes)
  2399197 downloaded (227472 bytes)
  2399206 downloaded (247285 bytes)
  2399203 downloaded (208748 bytes)
  2399199 downloaded (231220 bytes)
  进度: 150/380 (39%)
  2399214 downloaded (160995 bytes)
  2399216 downloaded (174029 bytes)
  2399213 downloaded (192927 bytes)
  2399208 downloaded (157035 bytes)
  2399209 downloaded (189313 bytes)
  进度: 155/380 (41%)
  2399207 downloaded (194862 bytes)
  2399215 downloaded (192158 bytes)
  2399212 downloaded (183843 bytes)
  2399211 downloaded (175941 bytes)
  2399210 downloaded (211611 bytes)
  进度: 160/380 (42%)
  2399224 downloaded (228626 bytes)
  2399221 downloaded (174405 bytes)
  2399225 downloaded (201846 bytes)
  2399220 downloaded (145357 bytes)
  2399223 downloaded (211207 bytes)
  进度: 165/380 (43%)
  2399226 downloaded (187216 bytes)
  2399222 downloaded (284104 bytes)
  2399217 downloaded (169122 bytes)
  2399218 downloaded (179728 bytes)
  2399219 downloaded (211425 bytes)
  进度: 170/380 (45%)
  2399233 downloaded (165831 bytes)
  2399235 downloaded (236334 bytes)
  2399231 downloaded (211888 bytes)
  2399227 downloaded (214473 bytes)
  2399228 downloaded (237526 bytes)
  进度: 175/380 (46%)
  2399229 downloaded (191372 bytes)
  2399236 downloaded (253635 bytes)
  2399230 downloaded (270015 bytes)
  2399234 downloaded (191239 bytes)
  2399232 downloaded (290610 bytes)
  进度: 180/380 (47%)
  2399238 downloaded (255976 bytes)
  2399244 downloaded (302111 bytes)
  2399245 downloaded (280177 bytes)
  2399241 downloaded (248409 bytes)
  2399246 downloaded (227490 bytes)
  进度: 185/380 (49%)
  2399239 downloaded (274825 bytes)
  2399243 downloaded (277214 bytes)
  2399242 downloaded (324524 bytes)
  2399237 downloaded (276194 bytes)
  2399240 downloaded (330044 bytes)
  进度: 190/380 (50%)
  2399248 downloaded (243998 bytes)
  2399251 downloaded (300117 bytes)
  2399247 downloaded (222011 bytes)
  2399252 downloaded (221574 bytes)
  2399256 downloaded (204292 bytes)
  进度: 195/380 (51%)
  2399253 downloaded (263330 bytes)
  2399254 downloaded (297486 bytes)
  2399255 downloaded (301740 bytes)
  2399249 downloaded (253165 bytes)
  2399250 downloaded (328588 bytes)
  进度: 200/380 (53%)
  2399262 downloaded (220758 bytes)
  2399263 downloaded (267002 bytes)
  2399261 downloaded (177315 bytes)
  2399265 downloaded (241191 bytes)
  2399264 downloaded (250501 bytes)
  进度: 205/380 (54%)
  2399257 downloaded (244163 bytes)
  2399260 downloaded (237784 bytes)
  2399258 downloaded (262407 bytes)
  2399266 downloaded (255839 bytes)
  2399259 downloaded (285481 bytes)
  进度: 210/380 (55%)
  2399269 downloaded (270564 bytes)
  2399267 downloaded (317157 bytes)
  2399274 downloaded (269275 bytes)
  2399270 downloaded (273203 bytes)
  2399268 downloaded (227542 bytes)
  进度: 215/380 (57%)
  2399276 downloaded (285825 bytes)
  2399273 downloaded (213912 bytes)
  2399271 downloaded (253323 bytes)
  2399272 downloaded (306800 bytes)
  2399275 downloaded (377854 bytes)
  进度: 220/380 (58%)
  2399285 downloaded (247968 bytes)
  2399286 downloaded (200524 bytes)
  2399280 downloaded (263271 bytes)
  2399281 downloaded (185744 bytes)
  2399283 downloaded (247471 bytes)
  进度: 225/380 (59%)
  2399279 downloaded (354507 bytes)
  2399277 downloaded (316570 bytes)
  2399284 downloaded (243233 bytes)
  2399282 downloaded (210197 bytes)
  2399278 downloaded (196084 bytes)
  进度: 230/380 (61%)
  2399291 downloaded (284835 bytes)
  2399294 downloaded (227556 bytes)
  2399289 downloaded (143780 bytes)
  2399296 downloaded (222524 bytes)
  2399292 downloaded (256291 bytes)
  进度: 235/380 (62%)
  2399295 downloaded (261745 bytes)
  2399290 downloaded (257843 bytes)
  2399287 downloaded (299696 bytes)
  2399288 downloaded (322174 bytes)
  2399293 downloaded (230476 bytes)
  进度: 240/380 (63%)
  2399300 downloaded (213532 bytes)
  2399303 downloaded (269914 bytes)
  2399306 downloaded (215101 bytes)
  2399297 downloaded (311253 bytes)
  2399304 downloaded (206830 bytes)
  进度: 245/380 (64%)
  2399298 downloaded (244052 bytes)
  2399301 downloaded (325369 bytes)
  2399302 downloaded (235525 bytes)
  2399305 downloaded (220404 bytes)
  2399299 downloaded (317865 bytes)
  进度: 250/380 (66%)
  2399314 downloaded (232983 bytes)
  2399308 downloaded (221154 bytes)
  2399313 downloaded (321407 bytes)
  2399310 downloaded (207001 bytes)
  2399312 downloaded (200944 bytes)
  进度: 255/380 (67%)
  2399307 downloaded (289298 bytes)
  2399311 downloaded (223157 bytes)
  2399309 downloaded (260938 bytes)
  2399315 downloaded (258441 bytes)
  2399316 downloaded (203777 bytes)
  进度: 260/380 (68%)
  2399323 downloaded (230463 bytes)
  2399324 downloaded (236263 bytes)
  2399317 downloaded (236218 bytes)
  2399319 downloaded (253543 bytes)
  2399320 downloaded (213263 bytes)
  进度: 265/380 (70%)
  2399321 downloaded (243939 bytes)
  2399325 downloaded (338888 bytes)
  2399326 downloaded (232541 bytes)
  2399318 downloaded (264551 bytes)
  2399322 downloaded (314503 bytes)
  进度: 270/380 (71%)
  2399334 downloaded (266900 bytes)
  2399329 downloaded (219832 bytes)
  2399327 downloaded (212088 bytes)
  2399332 downloaded (243930 bytes)
  2399336 downloaded (189105 bytes)
  进度: 275/380 (72%)
  2399331 downloaded (295781 bytes)
  2399328 downloaded (229482 bytes)
  2399335 downloaded (240185 bytes)
  2399333 downloaded (304878 bytes)
  2399330 downloaded (239775 bytes)
  进度: 280/380 (74%)
  2399339 downloaded (175417 bytes)
  2399342 downloaded (206023 bytes)
  2399337 downloaded (421095 bytes)
  2399343 downloaded (185593 bytes)
  2399345 downloaded (237446 bytes)
  进度: 285/380 (75%)
  2399346 downloaded (212540 bytes)
  2399340 downloaded (193583 bytes)
  2399338 downloaded (355316 bytes)
  2399341 downloaded (272456 bytes)
  2399344 downloaded (272960 bytes)
  进度: 290/380 (76%)
  2399354 downloaded (174520 bytes)
  2399350 downloaded (226660 bytes)
  2399348 downloaded (179054 bytes)
  2399355 downloaded (209239 bytes)
  2399353 downloaded (251790 bytes)
  进度: 295/380 (78%)
  2399351 downloaded (300251 bytes)
  2399349 downloaded (309456 bytes)
  2399356 downloaded (256436 bytes)
  2399347 downloaded (234521 bytes)
  2399352 downloaded (404146 bytes)
  进度: 300/380 (79%)
  2399358 downloaded (272462 bytes)
  2399360 downloaded (238484 bytes)
  2399361 downloaded (232056 bytes)
  2399362 downloaded (265864 bytes)
  2399364 downloaded (318648 bytes)
  进度: 305/380 (80%)
  2399366 downloaded (349457 bytes)
  2399363 downloaded (372684 bytes)
  2399365 downloaded (282709 bytes)
  2399357 downloaded (329324 bytes)
  2399359 downloaded (283499 bytes)
  进度: 310/380 (82%)
  2399370 downloaded (189999 bytes)
  2399367 downloaded (243839 bytes)
  2399371 downloaded (205427 bytes)
  2399372 downloaded (237086 bytes)
  2399369 downloaded (272557 bytes)
  进度: 315/380 (83%)
  2399374 downloaded (259499 bytes)
  2399376 downloaded (183707 bytes)
  2399368 downloaded (219916 bytes)
  2399375 downloaded (188493 bytes)
  2399373 downloaded (354987 bytes)
  进度: 320/380 (84%)
  2399384 downloaded (203521 bytes)
  2399385 downloaded (173298 bytes)
  2399379 downloaded (217919 bytes)
  2399383 downloaded (225793 bytes)
  2399380 downloaded (212158 bytes)
  进度: 325/380 (86%)
  2399386 downloaded (170779 bytes)
  2399377 downloaded (228532 bytes)
  2399378 downloaded (206711 bytes)
  2399382 downloaded (206693 bytes)
  2399381 downloaded (285124 bytes)
  进度: 330/380 (87%)
  2399389 downloaded (242643 bytes)
  2399392 downloaded (183173 bytes)
  2399396 downloaded (279044 bytes)
  2399394 downloaded (167673 bytes)
  2399390 downloaded (256110 bytes)
  进度: 335/380 (88%)
  2399387 downloaded (300681 bytes)
  2399395 downloaded (389658 bytes)
  2399391 downloaded (321721 bytes)
  2399388 downloaded (314913 bytes)
  2399393 downloaded (269916 bytes)
  进度: 340/380 (89%)
  2399406 downloaded (201305 bytes)
  2399400 downloaded (192591 bytes)
  2399405 downloaded (257538 bytes)
  2399402 downloaded (186314 bytes)
  2399401 downloaded (234369 bytes)
  进度: 345/380 (91%)
  2399404 downloaded (284931 bytes)
  2399403 downloaded (296559 bytes)
  2399397 downloaded (227347 bytes)
  2399398 downloaded (190468 bytes)
  2399399 downloaded (226018 bytes)
  进度: 350/380 (92%)
  2399408 downloaded (157681 bytes)
  2399416 downloaded (249370 bytes)
  2399407 downloaded (190595 bytes)
  2399410 downloaded (206946 bytes)
  2399414 downloaded (198670 bytes)
  进度: 355/380 (93%)
  2399412 downloaded (342925 bytes)
  2399411 downloaded (233620 bytes)
  2399415 downloaded (256692 bytes)
  2399409 downloaded (236672 bytes)
  2399413 downloaded (282686 bytes)
  进度: 360/380 (95%)
  2399420 downloaded (281031 bytes)
  2399424 downloaded (270840 bytes)
  2399418 downloaded (205327 bytes)
  2399419 downloaded (233137 bytes)
  2399422 downloaded (267017 bytes)
  进度: 365/380 (96%)
  2399425 downloaded (218156 bytes)
  2399417 downloaded (398144 bytes)
  2399421 downloaded (360470 bytes)
  2399426 downloaded (179513 bytes)
  2399423 downloaded (249472 bytes)
  进度: 370/380 (97%)
  2399429 downloaded (212703 bytes)
  2399427 downloaded (293021 bytes)
  2399431 downloaded (302965 bytes)
  2399430 downloaded (197980 bytes)
  2399428 downloaded (224656 bytes)
  进度: 375/380 (99%)
  2399435 downloaded (294101 bytes)
  2399434 downloaded (205436 bytes)
  2399436 downloaded (254261 bytes)
  2399432 downloaded (261148 bytes)
  2399433 downloaded (240037 bytes)
  进度: 380/380 (100%)
[英超/2023-2024] 完成: 380 成功, 0 跳过, 0 失败

[英超/2022-2023] 开始处理...
[英超/2022-2023] 找到 380 场比赛
  2213548 downloaded (267395 bytes)
  2213544 downloaded (261438 bytes)
  2213549 downloaded (465265 bytes)
  2213547 downloaded (257433 bytes)
  2213546 downloaded (279579 bytes)
  进度: 5/380 (1%)
  2213541 downloaded (372468 bytes)
  2213543 downloaded (272671 bytes)
  2213545 downloaded (256582 bytes)
  2213540 downloaded (320892 bytes)
  2213542 downloaded (295930 bytes)
  进度: 10/380 (3%)
  2213551 downloaded (312178 bytes)
  2213554 downloaded (315501 bytes)
  2213559 downloaded (333531 bytes)
  2213553 downloaded (299300 bytes)
  2213555 downloaded (392517 bytes)
  进度: 15/380 (4%)
  2213552 downloaded (201818 bytes)
  2213556 downloaded (197347 bytes)
  2213558 downloaded (245038 bytes)
  2213557 downloaded (287354 bytes)
  2213550 downloaded (337423 bytes)
  进度: 20/380 (5%)
  2213564 downloaded (185502 bytes)
  2213567 downloaded (285465 bytes)
  2213563 downloaded (245288 bytes)
  2213569 downloaded (254608 bytes)
  2213566 downloaded (267586 bytes)
  进度: 25/380 (7%)
  2213568 downloaded (221206 bytes)
  2213565 downloaded (320038 bytes)
  2213562 downloaded (264570 bytes)
  2213561 downloaded (261605 bytes)
  2213560 downloaded (443746 bytes)
  进度: 30/380 (8%)
  2213570 downloaded (310462 bytes)
  2213573 downloaded (271667 bytes)
  2213574 downloaded (274125 bytes)
  2213575 downloaded (286055 bytes)
  2213578 downloaded (302127 bytes)
  进度: 35/380 (9%)
  2213579 downloaded (268135 bytes)
  2213577 downloaded (310825 bytes)
  2213571 downloaded (359583 bytes)
  2213576 downloaded (342279 bytes)
  2213572 downloaded (324579 bytes)
  进度: 40/380 (11%)
  2213583 downloaded (285438 bytes)
  2213585 downloaded (315573 bytes)
  2213586 downloaded (238380 bytes)
  2213584 downloaded (253920 bytes)
  2213582 downloaded (295383 bytes)
  进度: 45/380 (12%)
  2213587 downloaded (291930 bytes)
  2213581 downloaded (344412 bytes)
  2213589 downloaded (310059 bytes)
  2213580 downloaded (256296 bytes)
  2213588 downloaded (399485 bytes)
  进度: 50/380 (13%)
  2213597 downloaded (266582 bytes)
  2213590 downloaded (258100 bytes)
  2213598 downloaded (262554 bytes)
  2213594 downloaded (239403 bytes)
  2213599 downloaded (213839 bytes)
  进度: 55/380 (14%)
  2213591 downloaded (313629 bytes)
  2213595 downloaded (264164 bytes)
  2213593 downloaded (253446 bytes)
  2213596 downloaded (273518 bytes)
  2213592 downloaded (238013 bytes)
  进度: 60/380 (16%)
  2213605 downloaded (305509 bytes)
  2213600 downloaded (477497 bytes)
  2213601 downloaded (428088 bytes)
  2213607 downloaded (254274 bytes)
  2213603 downloaded (415875 bytes)
  进度: 65/380 (17%)
  2213602 downloaded (327146 bytes)
  2213608 downloaded (292728 bytes)
  2213606 downloaded (305100 bytes)
  2213604 downloaded (266176 bytes)
  2213609 downloaded (305929 bytes)
  进度: 70/380 (18%)
  2213613 downloaded (260400 bytes)
  2213619 downloaded (299930 bytes)
  2213617 downloaded (277667 bytes)
  2213614 downloaded (264893 bytes)
  2213616 downloaded (259927 bytes)
  进度: 75/380 (20%)
  2213615 downloaded (217732 bytes)
  2213611 downloaded (285610 bytes)
  2213618 downloaded (351284 bytes)
  2213610 downloaded (397333 bytes)
  2213612 downloaded (393591 bytes)
  进度: 80/380 (21%)
  2213622 downloaded (242341 bytes)
  2213621 downloaded (243714 bytes)
  2213628 downloaded (256069 bytes)
  2213623 downloaded (332601 bytes)
  2213624 downloaded (230272 bytes)
  进度: 85/380 (22%)
  2213629 downloaded (301795 bytes)
  2213620 downloaded (338544 bytes)
  2213627 downloaded (239691 bytes)
  2213625 downloaded (217949 bytes)
  2213626 downloaded (343522 bytes)
  进度: 90/380 (24%)
  2213636 downloaded (236441 bytes)
  2213634 downloaded (250268 bytes)
  2213638 downloaded (296584 bytes)
  2213635 downloaded (272796 bytes)
  2213632 downloaded (333969 bytes)
  进度: 95/380 (25%)
  2213631 downloaded (335479 bytes)
  2213633 downloaded (256664 bytes)
  2213637 downloaded (259932 bytes)
  2213639 downloaded (396002 bytes)
  2213630 downloaded (326913 bytes)
  进度: 100/380 (26%)
  2213646 downloaded (271996 bytes)
  2213643 downloaded (235522 bytes)
  2213647 downloaded (250294 bytes)
  2213648 downloaded (238573 bytes)
  2213644 downloaded (251541 bytes)
  进度: 105/380 (28%)
  2213641 downloaded (275690 bytes)
  2213649 downloaded (215259 bytes)
  2213640 downloaded (335141 bytes)
  2213642 downloaded (315143 bytes)
  2213645 downloaded (472707 bytes)
  进度: 110/380 (29%)
  2213655 downloaded (276918 bytes)
  2213650 downloaded (283308 bytes)
  2213658 downloaded (287490 bytes)
  2213653 downloaded (252202 bytes)
  2213656 downloaded (332726 bytes)
  进度: 115/380 (30%)
  2213652 downloaded (279659 bytes)
  2213654 downloaded (261764 bytes)
  2213659 downloaded (299864 bytes)
  2213651 downloaded (298386 bytes)
  2213657 downloaded (411259 bytes)
  进度: 120/380 (32%)
  2213660 downloaded (295121 bytes)
  2213667 downloaded (269513 bytes)
  2213668 downloaded (235536 bytes)
  2213666 downloaded (246192 bytes)
  2213661 downloaded (261650 bytes)
  进度: 125/380 (33%)
  2213665 downloaded (279064 bytes)
  2213669 downloaded (236841 bytes)
  2213663 downloaded (285905 bytes)
  2213662 downloaded (251102 bytes)
  2213664 downloaded (322903 bytes)
  进度: 130/380 (34%)
  2213677 downloaded (295629 bytes)
  2213670 downloaded (333792 bytes)
  2213673 downloaded (295846 bytes)
  2213675 downloaded (248357 bytes)
  2213671 downloaded (283895 bytes)
  进度: 135/380 (36%)
  2213674 downloaded (230968 bytes)
  2213678 downloaded (258528 bytes)
  2213679 downloaded (253866 bytes)
  2213676 downloaded (321022 bytes)
  2213672 downloaded (310726 bytes)
  进度: 140/380 (37%)
  2213684 downloaded (271836 bytes)
  2213689 downloaded (265501 bytes)
  2213688 downloaded (281274 bytes)
  2213685 downloaded (266671 bytes)
  2213687 downloaded (271390 bytes)
  进度: 145/380 (38%)
  2213681 downloaded (383406 bytes)
  2213686 downloaded (276553 bytes)
  2213683 downloaded (333532 bytes)
  2213682 downloaded (336288 bytes)
  2213680 downloaded (352594 bytes)
  进度: 150/380 (39%)
  2213696 downloaded (348532 bytes)
  2213695 downloaded (256024 bytes)
  2213694 downloaded (297253 bytes)
  2213698 downloaded (260301 bytes)
  2213693 downloaded (297304 bytes)
  进度: 155/380 (41%)
  2213699 downloaded (315029 bytes)
  2213690 downloaded (376796 bytes)
  2213697 downloaded (293416 bytes)
  2213691 downloaded (320235 bytes)
  2213692 downloaded (306418 bytes)
  进度: 160/380 (42%)
  2213705 downloaded (383153 bytes)
  2213701 downloaded (401041 bytes)
  2213708 downloaded (387586 bytes)
  2213702 downloaded (661171 bytes)
  2213707 downloaded (435730 bytes)
  进度: 165/380 (43%)
  2213703 downloaded (452076 bytes)
  2213709 downloaded (540009 bytes)
  2213700 downloaded (463079 bytes)
  2213706 downloaded (528149 bytes)
  2213704 downloaded (509565 bytes)
  进度: 170/380 (45%)
  2213714 downloaded (407505 bytes)
  2213710 downloaded (425920 bytes)
  2213718 downloaded (346302 bytes)
  2213717 downloaded (456490 bytes)
  2213716 downloaded (412072 bytes)
  进度: 175/380 (46%)
  2213719 downloaded (336964 bytes)
  2213711 downloaded (400673 bytes)
  2213712 downloaded (476574 bytes)
  2213715 downloaded (470102 bytes)
  2213713 downloaded (396546 bytes)
  进度: 180/380 (47%)
  2213724 downloaded (397602 bytes)
  2213725 downloaded (380062 bytes)
  2213728 downloaded (360504 bytes)
  2213721 downloaded (444197 bytes)
  2213720 downloaded (384010 bytes)
  进度: 185/380 (49%)
  2213723 downloaded (404837 bytes)
  2213729 downloaded (439596 bytes)
  2213726 downloaded (421588 bytes)
  2213727 downloaded (391714 bytes)
  2213722 downloaded (409698 bytes)
  进度: 190/380 (50%)
  2213735 downloaded (272692 bytes)
  2213733 downloaded (349140 bytes)
  2213732 downloaded (369689 bytes)
  2213736 downloaded (384103 bytes)
  2213730 downloaded (408791 bytes)
  进度: 195/380 (51%)
  2213734 downloaded (286457 bytes)
  2213739 downloaded (336439 bytes)
  2213738 downloaded (359779 bytes)
  2213737 downloaded (318990 bytes)
  2213731 downloaded (388809 bytes)
  进度: 200/380 (53%)
  2213748 downloaded (415089 bytes)
  2213746 downloaded (338229 bytes)
  2213741 downloaded (419999 bytes)
  2213749 downloaded (338272 bytes)
  2213745 downloaded (297726 bytes)
  进度: 205/380 (54%)
  2213740 downloaded (409254 bytes)
  2213742 downloaded (364147 bytes)
  2213743 downloaded (422892 bytes)
  2213747 downloaded (404392 bytes)
  2213744 downloaded (383555 bytes)
  进度: 210/380 (55%)
  2213753 downloaded (263070 bytes)
  2213758 downloaded (336197 bytes)
  2213751 downloaded (368005 bytes)
  2213757 downloaded (336477 bytes)
  2213750 downloaded (353213 bytes)
  进度: 215/380 (57%)
  2213754 downloaded (249669 bytes)
  2213755 downloaded (345014 bytes)
  2213759 downloaded (319017 bytes)
  2213752 downloaded (310717 bytes)
  2213756 downloaded (377697 bytes)
  进度: 220/380 (58%)
  2213763 downloaded (359413 bytes)
  2213764 downloaded (356557 bytes)
  2213766 downloaded (300719 bytes)
  2213768 downloaded (346803 bytes)
  2213761 downloaded (343285 bytes)
  进度: 225/380 (59%)
  2213769 downloaded (353791 bytes)
  2213762 downloaded (307452 bytes)
  2213760 downloaded (462539 bytes)
  2213767 downloaded (319817 bytes)
  2213765 downloaded (535867 bytes)
  进度: 230/380 (61%)
  2213778 downloaded (280424 bytes)
  2213779 downloaded (320620 bytes)
  2213771 downloaded (291196 bytes)
  2213774 downloaded (245464 bytes)
  2213777 downloaded (289755 bytes)
  进度: 235/380 (62%)
  2213773 downloaded (309838 bytes)
  2213772 downloaded (269861 bytes)
  2213775 downloaded (380170 bytes)
  2213776 downloaded (345085 bytes)
  2213770 downloaded (342576 bytes)
  进度: 240/380 (63%)
  2213783 downloaded (263068 bytes)
  2213786 downloaded (261775 bytes)
  2213789 downloaded (258894 bytes)
  2213787 downloaded (305223 bytes)
  2213782 downloaded (306777 bytes)
  进度: 245/380 (64%)
  2213780 downloaded (290904 bytes)
  2213788 downloaded (348818 bytes)
  2213781 downloaded (275844 bytes)
  2213784 downloaded (342110 bytes)
  2213785 downloaded (328666 bytes)
  进度: 250/380 (66%)
  2213792 downloaded (256380 bytes)
  2213796 downloaded (243740 bytes)
  2213794 downloaded (287502 bytes)
  2213798 downloaded (215245 bytes)
  2213791 downloaded (314752 bytes)
  进度: 255/380 (67%)
  2213797 downloaded (355765 bytes)
  2213799 downloaded (283410 bytes)
  2213790 downloaded (408357 bytes)
  2213795 downloaded (260246 bytes)
  2213793 downloaded (248116 bytes)
  进度: 260/380 (68%)
  2213800 downloaded (307695 bytes)
  2213804 downloaded (270298 bytes)
  2213806 downloaded (273959 bytes)
  2213808 downloaded (293517 bytes)
  2213801 downloaded (299514 bytes)
  进度: 265/380 (70%)
  2213807 downloaded (292520 bytes)
  2213809 downloaded (249161 bytes)
  2213802 downloaded (323309 bytes)
  2213805 downloaded (248110 bytes)
  2213803 downloaded (250373 bytes)
  进度: 270/380 (71%)
  2213812 downloaded (287882 bytes)
  2213813 downloaded (267951 bytes)
  2213811 downloaded (267097 bytes)
  2213814 downloaded (228018 bytes)
  2213815 downloaded (282248 bytes)
  进度: 275/380 (72%)
  2213817 downloaded (300960 bytes)
  2213816 downloaded (293558 bytes)
  2213818 downloaded (351279 bytes)
  2213819 downloaded (307469 bytes)
  2213810 downloaded (354997 bytes)
  进度: 280/380 (74%)
  2213821 downloaded (359935 bytes)
  2213824 downloaded (229968 bytes)
  2213823 downloaded (273360 bytes)
  2213827 downloaded (254005 bytes)
  2213825 downloaded (233407 bytes)
  进度: 285/380 (75%)
  2213828 downloaded (236213 bytes)
  2213829 downloaded (267321 bytes)
  2213826 downloaded (251547 bytes)
  2213820 downloaded (302057 bytes)
  2213822 downloaded (316180 bytes)
  进度: 290/380 (76%)
  2213839 downloaded (232177 bytes)
  2213834 downloaded (311606 bytes)
  2213832 downloaded (300550 bytes)
  2213833 downloaded (305915 bytes)
  2213836 downloaded (254854 bytes)
  进度: 295/380 (78%)
  2213838 downloaded (319053 bytes)
  2213837 downloaded (302700 bytes)
  2213831 downloaded (408687 bytes)
  2213830 downloaded (276168 bytes)
  2213835 downloaded (266462 bytes)
  进度: 300/380 (79%)
  2213848 downloaded (227887 bytes)
  2213845 downloaded (257675 bytes)
  2213846 downloaded (255473 bytes)
  2213847 downloaded (366961 bytes)
  2213843 downloaded (265499 bytes)
  进度: 305/380 (80%)
  2213842 downloaded (346410 bytes)
  2213840 downloaded (366656 bytes)
  2213849 downloaded (292194 bytes)
  2213841 downloaded (353077 bytes)
  2213844 downloaded (259079 bytes)
  进度: 310/380 (82%)
  2213855 downloaded (289250 bytes)
  2213858 downloaded (267682 bytes)
  2213859 downloaded (273806 bytes)
  2213853 downloaded (238244 bytes)
  2213852 downloaded (269560 bytes)
  进度: 315/380 (83%)
  2213854 downloaded (244447 bytes)
  2213851 downloaded (254444 bytes)
  2213856 downloaded (258581 bytes)
  2213850 downloaded (327587 bytes)
  2213857 downloaded (490434 bytes)
  进度: 320/380 (84%)
  2213863 downloaded (339714 bytes)
  2213867 downloaded (294127 bytes)
  2213864 downloaded (282010 bytes)
  2213869 downloaded (348740 bytes)
  2213865 downloaded (335507 bytes)
  进度: 325/380 (86%)
  2213860 downloaded (473836 bytes)
  2213868 downloaded (353945 bytes)
  2213861 downloaded (282181 bytes)
  2213862 downloaded (261479 bytes)
  2213866 downloaded (314919 bytes)
  进度: 330/380 (87%)
  2213873 downloaded (244152 bytes)
  2213878 downloaded (214650 bytes)
  2213876 downloaded (233074 bytes)
  2213877 downloaded (300443 bytes)
  2213874 downloaded (235027 bytes)
  进度: 335/380 (88%)
  2213872 downloaded (250787 bytes)
  2213871 downloaded (318789 bytes)
  2213875 downloaded (294200 bytes)
  2213879 downloaded (352437 bytes)
  2213870 downloaded (420904 bytes)
  进度: 340/380 (89%)
  2213883 downloaded (307544 bytes)
  2213889 downloaded (229392 bytes)
  2213881 downloaded (358824 bytes)
  2213888 downloaded (281042 bytes)
  2213884 downloaded (259508 bytes)
  进度: 345/380 (91%)
  2213887 downloaded (369109 bytes)
  2213880 downloaded (316996 bytes)
  2213882 downloaded (354250 bytes)
  2213885 downloaded (344817 bytes)
  2213886 downloaded (313088 bytes)
  进度: 350/380 (92%)
  2213892 downloaded (278711 bytes)
  2213896 downloaded (327709 bytes)
  2213891 downloaded (322709 bytes)
  2213897 downloaded (302456 bytes)
  2213894 downloaded (245120 bytes)
  进度: 355/380 (93%)
  2213895 downloaded (288890 bytes)
  2213899 downloaded (366461 bytes)
  2213893 downloaded (346254 bytes)
  2213898 downloaded (374507 bytes)
  2213890 downloaded (368179 bytes)
  进度: 360/380 (95%)
  2213905 downloaded (319255 bytes)
  2213908 downloaded (247592 bytes)
  2213909 downloaded (255958 bytes)
  2213904 downloaded (302634 bytes)
  2213900 downloaded (278042 bytes)
  进度: 365/380 (96%)
  2213907 downloaded (336655 bytes)
  2213903 downloaded (396442 bytes)
  2213902 downloaded (297952 bytes)
  2213906 downloaded (427776 bytes)
  2213901 downloaded (406722 bytes)
  进度: 370/380 (97%)
  2213911 downloaded (291422 bytes)
  2213915 downloaded (249917 bytes)
  2213919 downloaded (353370 bytes)
  2213917 downloaded (260223 bytes)
  2213910 downloaded (261110 bytes)
  进度: 375/380 (99%)
  2213918 downloaded (346643 bytes)
  2213916 downloaded (253285 bytes)
  2213914 downloaded (286549 bytes)
  2213913 downloaded (315447 bytes)
  2213912 downloaded (261508 bytes)
  进度: 380/380 (100%)
[英超/2022-2023] 完成: 380 成功, 0 跳过, 0 失败

[英超/2021-2022] 开始处理...
[英超/2021-2022] 找到 380 场比赛
  2027355 downloaded (150593 bytes)
  2027353 downloaded (199005 bytes)
  2027357 downloaded (144004 bytes)
  2027358 downloaded (174490 bytes)
  2027354 downloaded (132981 bytes)
  进度: 5/380 (1%)
  2027359 downloaded (134082 bytes)
  2027362 downloaded (168123 bytes)
  2027356 downloaded (158672 bytes)
  2027360 downloaded (167970 bytes)
  2027361 downloaded (166795 bytes)
  进度: 10/380 (3%)
  2027807 downloaded (166178 bytes)
  2027809 downloaded (172891 bytes)
  2027802 downloaded (153089 bytes)
  2027808 downloaded (145525 bytes)
  2027804 downloaded (175350 bytes)
  进度: 15/380 (4%)
  2027806 downloaded (160304 bytes)
  2027803 downloaded (196585 bytes)
  2027805 downloaded (200435 bytes)
  2027801 downloaded (254855 bytes)
  2027800 downloaded (262845 bytes)
  进度: 20/380 (5%)
  2027819 downloaded (167190 bytes)
  2027814 downloaded (182265 bytes)
  2027816 downloaded (164859 bytes)
  2027815 downloaded (222069 bytes)
  2027812 downloaded (215147 bytes)
  进度: 25/380 (7%)
  2027813 downloaded (179435 bytes)
  2027811 downloaded (203265 bytes)
  2027818 downloaded (169155 bytes)
  2027810 downloaded (261379 bytes)
  2027817 downloaded (203853 bytes)
  进度: 30/380 (8%)
  2027827 downloaded (150972 bytes)
  2027822 downloaded (217514 bytes)
  2027824 downloaded (154250 bytes)
  2027825 downloaded (190131 bytes)
  2027829 downloaded (184024 bytes)
  进度: 35/380 (9%)
  2027823 downloaded (186660 bytes)
  2027828 downloaded (200245 bytes)
  2027820 downloaded (213993 bytes)
  2027826 downloaded (218656 bytes)
  2027821 downloaded (171371 bytes)
  进度: 40/380 (11%)
  2027832 downloaded (175612 bytes)
  2027838 downloaded (155537 bytes)
  2027833 downloaded (170980 bytes)
  2027836 downloaded (157370 bytes)
  2027834 downloaded (202666 bytes)
  进度: 45/380 (12%)
  2027839 downloaded (181903 bytes)
  2027835 downloaded (178357 bytes)
  2027837 downloaded (143401 bytes)
  2027830 downloaded (230464 bytes)
  2027831 downloaded (227792 bytes)
  进度: 50/380 (13%)
  2027849 downloaded (163067 bytes)
  2027846 downloaded (135367 bytes)
  2027843 downloaded (144378 bytes)
  2027845 downloaded (205864 bytes)
  2027848 downloaded (180716 bytes)
  进度: 55/380 (14%)
  2027842 downloaded (177299 bytes)
  2027847 downloaded (152049 bytes)
  2027840 downloaded (155126 bytes)
  2027844 downloaded (183198 bytes)
  2027841 downloaded (140695 bytes)
  进度: 60/380 (16%)
  2027851 downloaded (142438 bytes)
  2027857 downloaded (126903 bytes)
  2027853 downloaded (172174 bytes)
  2027858 downloaded (165361 bytes)
  2027855 downloaded (194322 bytes)
  进度: 65/380 (17%)
  2027854 downloaded (164840 bytes)
  2027852 downloaded (193564 bytes)
  2027859 downloaded (164746 bytes)
  2027850 downloaded (184496 bytes)
  2027856 downloaded (200635 bytes)
  进度: 70/380 (18%)
  2027864 downloaded (160267 bytes)
  2027866 downloaded (132744 bytes)
  2027867 downloaded (137358 bytes)
  2027861 downloaded (166901 bytes)
  2027860 downloaded (194825 bytes)
  进度: 75/380 (20%)
  2027869 downloaded (135839 bytes)
  2027863 downloaded (168848 bytes)
  2027868 downloaded (207481 bytes)
  2027865 downloaded (175726 bytes)
  2027862 downloaded (155124 bytes)
  进度: 80/380 (21%)
  2027871 downloaded (138717 bytes)
  2027874 downloaded (166168 bytes)
  2027873 downloaded (195361 bytes)
  2027877 downloaded (136773 bytes)
  2027876 downloaded (139655 bytes)
  进度: 85/380 (22%)
  2027878 downloaded (140816 bytes)
  2027872 downloaded (148148 bytes)
  2027879 downloaded (151431 bytes)
  2027875 downloaded (152235 bytes)
  2027870 downloaded (192682 bytes)
  进度: 90/380 (24%)
  2027884 downloaded (128543 bytes)
  2027888 downloaded (141978 bytes)
  2027885 downloaded (127487 bytes)
  2027881 downloaded (124411 bytes)
  2027882 downloaded (145032 bytes)
  进度: 95/380 (25%)
  2027889 downloaded (137191 bytes)
  2027883 downloaded (137496 bytes)
  2027880 downloaded (127887 bytes)
  2027886 downloaded (147740 bytes)
  2027887 downloaded (127656 bytes)
  进度: 100/380 (26%)
  2027893 downloaded (158373 bytes)
  2027894 downloaded (133617 bytes)
  2027897 downloaded (140951 bytes)
  2027895 downloaded (163449 bytes)
  2027898 downloaded (125418 bytes)
  进度: 105/380 (28%)
  2027896 downloaded (153143 bytes)
  2027891 downloaded (119353 bytes)
  2027892 downloaded (154094 bytes)
  2027890 downloaded (155588 bytes)
  2027899 downloaded (126091 bytes)
  进度: 110/380 (29%)
  2027900 downloaded (130906 bytes)
  2027908 downloaded (141338 bytes)
  2027904 downloaded (145517 bytes)
  2027907 downloaded (124729 bytes)
  2027901 downloaded (154981 bytes)
  进度: 115/380 (30%)
  2027906 downloaded (128381 bytes)
  2027902 downloaded (146712 bytes)
  2027909 downloaded (143159 bytes)
  2027905 downloaded (138574 bytes)
  2027903 downloaded (183611 bytes)
  进度: 120/380 (32%)
  2027916 downloaded (137806 bytes)
  2027911 downloaded (139475 bytes)
  2027913 downloaded (122271 bytes)
  2027914 downloaded (139428 bytes)
  2027919 downloaded (127540 bytes)
  进度: 125/380 (33%)
  2027915 downloaded (134942 bytes)
  2027917 downloaded (134367 bytes)
  2027910 downloaded (199639 bytes)
  2027918 downloaded (151303 bytes)
  2027912 downloaded (188257 bytes)
  进度: 130/380 (34%)
  2027927 downloaded (172606 bytes)
  2027922 downloaded (197749 bytes)
  2027921 downloaded (155884 bytes)
  2027925 downloaded (141094 bytes)
  2027926 downloaded (160634 bytes)
  进度: 135/380 (36%)
  2027929 downloaded (168833 bytes)
  2027924 downloaded (169108 bytes)
  2027928 downloaded (177680 bytes)
  2027920 downloaded (163023 bytes)
  2027923 downloaded (200865 bytes)
  进度: 140/380 (37%)
  2027938 downloaded (125824 bytes)
  2027935 downloaded (136742 bytes)
  2027939 downloaded (129427 bytes)
  2027931 downloaded (151727 bytes)
  2027930 downloaded (158354 bytes)
  进度: 145/380 (38%)
  2027936 downloaded (153915 bytes)
  2027932 downloaded (196495 bytes)
  2027933 downloaded (157899 bytes)
  2027937 downloaded (152867 bytes)
  2027934 downloaded (148815 bytes)
  进度: 150/380 (39%)
  2027949 downloaded (130406 bytes)
  2027946 downloaded (138315 bytes)
  2027948 downloaded (164611 bytes)
  2027944 downloaded (140386 bytes)
  2027943 downloaded (128020 bytes)
  进度: 155/380 (41%)
  2027947 downloaded (152213 bytes)
  2027941 downloaded (185101 bytes)
  2027940 downloaded (169655 bytes)
  2027945 downloaded (130118 bytes)
  2027942 downloaded (264620 bytes)
  进度: 160/380 (42%)
  2027955 downloaded (186638 bytes)
  2027959 downloaded (194972 bytes)
  2027953 downloaded (186377 bytes)
  2027951 downloaded (148585 bytes)
  2027956 downloaded (224130 bytes)
  进度: 165/380 (43%)
  2027952 downloaded (194024 bytes)
  2027954 downloaded (125265 bytes)
  2027957 downloaded (204130 bytes)
  2027958 downloaded (263252 bytes)
  2027950 downloaded (188706 bytes)
  进度: 170/380 (45%)
  2027961 downloaded (200328 bytes)
  2027962 downloaded (206905 bytes)
  2027964 downloaded (196393 bytes)
  2027969 downloaded (179115 bytes)
  2027960 downloaded (212218 bytes)
  进度: 175/380 (46%)
  2027968 downloaded (203725 bytes)
  2027965 downloaded (340163 bytes)
  2027967 downloaded (169374 bytes)
  2027966 downloaded (336385 bytes)
  2027963 downloaded (216339 bytes)
  进度: 180/380 (47%)
  2027978 downloaded (213516 bytes)
  2027975 downloaded (204901 bytes)
  2027971 downloaded (217811 bytes)
  2027976 downloaded (209205 bytes)
  2027972 downloaded (202972 bytes)
  进度: 185/380 (49%)
  2027977 downloaded (235836 bytes)
  2027974 downloaded (230294 bytes)
  2027973 downloaded (179092 bytes)
  2027979 downloaded (199994 bytes)
  2027970 downloaded (236970 bytes)
  进度: 190/380 (50%)
  2027989 downloaded (218559 bytes)
  2027982 downloaded (246673 bytes)
  2027984 downloaded (244835 bytes)
  2027980 downloaded (303611 bytes)
  2027988 downloaded (216064 bytes)
  进度: 195/380 (51%)
  2027983 downloaded (237841 bytes)
  2027981 downloaded (230409 bytes)
  2027987 downloaded (196320 bytes)
  2027986 downloaded (254322 bytes)
  2027985 downloaded (217748 bytes)
  进度: 200/380 (53%)
  2027996 downloaded (173546 bytes)
  2027995 downloaded (230359 bytes)
  2027992 downloaded (231694 bytes)
  2027994 downloaded (211846 bytes)
  2027999 downloaded (217389 bytes)
  进度: 205/380 (54%)
  2027993 downloaded (187769 bytes)
  2027997 downloaded (236177 bytes)
  2027998 downloaded (251371 bytes)
  2027991 downloaded (261362 bytes)
  2027990 downloaded (294549 bytes)
  进度: 210/380 (55%)
  2028006 downloaded (152723 bytes)
  2028009 downloaded (173735 bytes)
  2028007 downloaded (182002 bytes)
  2028008 downloaded (208900 bytes)
  2028001 downloaded (217109 bytes)
  进度: 215/380 (57%)
  2028003 downloaded (175666 bytes)
  2028005 downloaded (203887 bytes)
  2028004 downloaded (214914 bytes)
  2028002 downloaded (296223 bytes)
  2028000 downloaded (221303 bytes)
  进度: 220/380 (58%)
  2028011 downloaded (182450 bytes)
  2028019 downloaded (214184 bytes)
  2028017 downloaded (192962 bytes)
  2028013 downloaded (179039 bytes)
  2028018 downloaded (175875 bytes)
  进度: 225/380 (59%)
  2028015 downloaded (168963 bytes)
  2028012 downloaded (229420 bytes)
  2028016 downloaded (202930 bytes)
  2028014 downloaded (190679 bytes)
  2028010 downloaded (204786 bytes)
  进度: 230/380 (61%)
  2028021 downloaded (180354 bytes)
  2028027 downloaded (176390 bytes)
  2028025 downloaded (175517 bytes)
  2028024 downloaded (235754 bytes)
  2028022 downloaded (161400 bytes)
  进度: 235/380 (62%)
  2028028 downloaded (167799 bytes)
  2028023 downloaded (148463 bytes)
  2028029 downloaded (176788 bytes)
  2028026 downloaded (165354 bytes)
  2028020 downloaded (166803 bytes)
  进度: 240/380 (63%)
  2028034 downloaded (118086 bytes)
  2028038 downloaded (113158 bytes)
  2028039 downloaded (152230 bytes)
  2028036 downloaded (159214 bytes)
  2028032 downloaded (164811 bytes)
  进度: 245/380 (64%)
  2028030 downloaded (168687 bytes)
  2028033 downloaded (152180 bytes)
  2028035 downloaded (154892 bytes)
  2028037 downloaded (145044 bytes)
  2028031 downloaded (318533 bytes)
  进度: 250/380 (66%)
  2028046 downloaded (123774 bytes)
  2028047 downloaded (137612 bytes)
  2028044 downloaded (138949 bytes)
  2028041 downloaded (126743 bytes)
  2028042 downloaded (152107 bytes)
  进度: 255/380 (67%)
  2028043 downloaded (144941 bytes)
  2028048 downloaded (134606 bytes)
  2028045 downloaded (161237 bytes)
  2028049 downloaded (138050 bytes)
  2028040 downloaded (163315 bytes)
  进度: 260/380 (68%)
  2028051 downloaded (153191 bytes)
  2028056 downloaded (140940 bytes)
  2028052 downloaded (168150 bytes)
  2028057 downloaded (151880 bytes)
  2028054 downloaded (163640 bytes)
  进度: 265/380 (70%)
  2028053 downloaded (132268 bytes)
  2028058 downloaded (160472 bytes)
  2028059 downloaded (290433 bytes)
  2028055 downloaded (152930 bytes)
  2028050 downloaded (341711 bytes)
  进度: 270/380 (71%)
  2028065 downloaded (140298 bytes)
  2028068 downloaded (160470 bytes)
  2028063 downloaded (171270 bytes)
  2028061 downloaded (191122 bytes)
  2028067 downloaded (138675 bytes)
  进度: 275/380 (72%)
  2028064 downloaded (128408 bytes)
  2028060 downloaded (199332 bytes)
  2028062 downloaded (154033 bytes)
  2028066 downloaded (150898 bytes)
  2028069 downloaded (257856 bytes)
  进度: 280/380 (74%)
  2028070 downloaded (209234 bytes)
  2028078 downloaded (205822 bytes)
  2028071 downloaded (241973 bytes)
  2028072 downloaded (273336 bytes)
  2028077 downloaded (201306 bytes)
  进度: 285/380 (75%)
  2028074 downloaded (202963 bytes)
  2028076 downloaded (195926 bytes)
  2028079 downloaded (220459 bytes)
  2028073 downloaded (213722 bytes)
  2028075 downloaded (251423 bytes)
  进度: 290/380 (76%)
  2028086 downloaded (301036 bytes)
  2028082 downloaded (228076 bytes)
  2028083 downloaded (234120 bytes)
  2028081 downloaded (220463 bytes)
  2028084 downloaded (248360 bytes)
  进度: 295/380 (78%)
  2028085 downloaded (204645 bytes)
  2028087 downloaded (213390 bytes)
  2028088 downloaded (219491 bytes)
  2028089 downloaded (305249 bytes)
  2028080 downloaded (286286 bytes)
  进度: 300/380 (79%)
  2028096 downloaded (195179 bytes)
  2028097 downloaded (190937 bytes)
  2028098 downloaded (217410 bytes)
  2028094 downloaded (203309 bytes)
  2028095 downloaded (196212 bytes)
  进度: 305/380 (80%)
  2028099 downloaded (196608 bytes)
  2028091 downloaded (173649 bytes)
  2028090 downloaded (304748 bytes)
  2028092 downloaded (176539 bytes)
  2028093 downloaded (202835 bytes)
  进度: 310/380 (82%)
  2028109 downloaded (151232 bytes)
  2028102 downloaded (205141 bytes)
  2028104 downloaded (173198 bytes)
  2028100 downloaded (186234 bytes)
  2028107 downloaded (205630 bytes)
  进度: 315/380 (83%)
  2028106 downloaded (129635 bytes)
  2028101 downloaded (219786 bytes)
  2028108 downloaded (179020 bytes)
  2028105 downloaded (167864 bytes)
  2028103 downloaded (178154 bytes)
  进度: 320/380 (84%)
  2028114 downloaded (180905 bytes)
  2028116 downloaded (202433 bytes)
  2028112 downloaded (199079 bytes)
  2028113 downloaded (202673 bytes)
  2028118 downloaded (193015 bytes)
  进度: 325/380 (86%)
  2028110 downloaded (253170 bytes)
  2028117 downloaded (379586 bytes)
  2028115 downloaded (223979 bytes)
  2028119 downloaded (232421 bytes)
  2028111 downloaded (255593 bytes)
  进度: 330/380 (87%)
  2028128 downloaded (171206 bytes)
  2028122 downloaded (242428 bytes)
  2028121 downloaded (191806 bytes)
  2028129 downloaded (180335 bytes)
  2028120 downloaded (255245 bytes)
  进度: 335/380 (88%)
  2028123 downloaded (245181 bytes)
  2028127 downloaded (198488 bytes)
  2028125 downloaded (195026 bytes)
  2028124 downloaded (211488 bytes)
  2028126 downloaded (197177 bytes)
  进度: 340/380 (89%)
  2028138 downloaded (169202 bytes)
  2028136 downloaded (193104 bytes)
  2028137 downloaded (185632 bytes)
  2028130 downloaded (228376 bytes)
  2028135 downloaded (177146 bytes)
  进度: 345/380 (91%)
  2028131 downloaded (253743 bytes)
  2028133 downloaded (237905 bytes)
  2028139 downloaded (213598 bytes)
  2028132 downloaded (261071 bytes)
  2028134 downloaded (255158 bytes)
  进度: 350/380 (92%)
  2028148 downloaded (196375 bytes)
  2028140 downloaded (241970 bytes)
  2028149 downloaded (199781 bytes)
  2028146 downloaded (198779 bytes)
  2028144 downloaded (186847 bytes)
  进度: 355/380 (93%)
  2028147 downloaded (196268 bytes)
  2028142 downloaded (210894 bytes)
  2028143 downloaded (217231 bytes)
  2028145 downloaded (244641 bytes)
  2028141 downloaded (243339 bytes)
  进度: 360/380 (95%)
  2028155 downloaded (256459 bytes)
  2028151 downloaded (258974 bytes)
  2028156 downloaded (239263 bytes)
  2028157 downloaded (238555 bytes)
  2028158 downloaded (255740 bytes)
  进度: 365/380 (96%)
  2028153 downloaded (295615 bytes)
  2028152 downloaded (318654 bytes)
  2028159 downloaded (218290 bytes)
  2028150 downloaded (399451 bytes)
  2028154 downloaded (308706 bytes)
  进度: 370/380 (97%)
  2028163 downloaded (258010 bytes)
  2028169 downloaded (276390 bytes)
  2028168 downloaded (228644 bytes)
  2028161 downloaded (250573 bytes)
  2028162 downloaded (258522 bytes)
  进度: 375/380 (99%)
  2028160 downloaded (249551 bytes)
  2028166 downloaded (240659 bytes)
  2028165 downloaded (251709 bytes)
  2028167 downloaded (219725 bytes)
  2028164 downloaded (264890 bytes)
  进度: 380/380 (100%)
[英超/2021-2022] 完成: 380 成功, 0 跳过, 0 失败

[英超/2020-2021] 开始处理...
[英超/2020-2021] 找到 380 场比赛
  1903810 downloaded (251445 bytes)
  1903809 downloaded (291591 bytes)
  1903811 downloaded (266385 bytes)
  1903806 downloaded (233741 bytes)
  1903813 downloaded (261829 bytes)
  进度: 5/380 (1%)
  1903804 downloaded (271459 bytes)
  1903808 downloaded (287049 bytes)
  1903812 downloaded (313039 bytes)
  1903805 downloaded (360549 bytes)
  1903807 downloaded (285365 bytes)
  进度: 10/380 (3%)
  1903815 downloaded (273204 bytes)
  1903819 downloaded (300590 bytes)
  1903816 downloaded (322155 bytes)
  1903822 downloaded (299624 bytes)
  1903823 downloaded (247289 bytes)
  进度: 15/380 (4%)
  1903818 downloaded (264522 bytes)
  1903817 downloaded (353675 bytes)
  1903821 downloaded (255080 bytes)
  1903820 downloaded (254486 bytes)
  1903814 downloaded (272395 bytes)
  进度: 20/380 (5%)
  1903825 downloaded (308458 bytes)
  1903832 downloaded (257839 bytes)
  1903833 downloaded (263122 bytes)
  1903824 downloaded (284016 bytes)
  1903830 downloaded (262213 bytes)
  进度: 25/380 (7%)
  1903828 downloaded (354661 bytes)
  1903829 downloaded (277960 bytes)
  1903831 downloaded (296260 bytes)
  1903826 downloaded (376478 bytes)
  1903827 downloaded (269290 bytes)
  进度: 30/380 (8%)
  1903842 downloaded (278438 bytes)
  1903839 downloaded (255640 bytes)
  1903840 downloaded (254160 bytes)
  1903837 downloaded (341103 bytes)
  1903838 downloaded (341512 bytes)
  进度: 35/380 (9%)
  1903836 downloaded (281136 bytes)
  1903835 downloaded (312675 bytes)
  1903843 downloaded (321134 bytes)
  1903841 downloaded (265517 bytes)
  1903834 downloaded (400140 bytes)
  进度: 40/380 (11%)
  1907182 downloaded (315088 bytes)
  1907184 downloaded (277733 bytes)
  1907179 downloaded (370843 bytes)
  1907177 downloaded (238782 bytes)
  1907183 downloaded (321646 bytes)
  进度: 45/380 (12%)
  1907185 downloaded (270727 bytes)
  1907178 downloaded (242184 bytes)
  1907180 downloaded (311296 bytes)
  1907186 downloaded (282060 bytes)
  1907181 downloaded (435046 bytes)
  进度: 50/380 (13%)
  1903850 downloaded (260722 bytes)
  1903848 downloaded (225558 bytes)
  1903852 downloaded (295450 bytes)
  1903844 downloaded (286669 bytes)
  1903847 downloaded (282482 bytes)
  进度: 55/380 (14%)
  1903849 downloaded (333610 bytes)
  1903846 downloaded (332972 bytes)
  1903851 downloaded (358006 bytes)
  1903853 downloaded (280724 bytes)
  1903845 downloaded (315590 bytes)
  进度: 60/380 (16%)
  1903859 downloaded (273081 bytes)
  1903860 downloaded (238737 bytes)
  1903854 downloaded (222373 bytes)
  1903863 downloaded (221180 bytes)
  1903862 downloaded (274217 bytes)
  进度: 65/380 (17%)
  1903858 downloaded (235093 bytes)
  1903861 downloaded (230855 bytes)
  1903857 downloaded (263911 bytes)
  1903856 downloaded (292584 bytes)
  1903855 downloaded (258718 bytes)
  进度: 70/380 (18%)
  1903872 downloaded (241896 bytes)
  1903866 downloaded (287506 bytes)
  1903873 downloaded (220761 bytes)
  1903864 downloaded (202674 bytes)
  1903871 downloaded (272158 bytes)
  进度: 75/380 (20%)
  1903869 downloaded (272235 bytes)
  1903870 downloaded (234916 bytes)
  1903867 downloaded (244129 bytes)
  1903868 downloaded (260771 bytes)
  1903865 downloaded (370742 bytes)
  进度: 80/380 (21%)
  1903876 downloaded (269177 bytes)
  1903874 downloaded (223714 bytes)
  1903881 downloaded (244178 bytes)
  1903878 downloaded (237569 bytes)
  1903880 downloaded (259298 bytes)
  进度: 85/380 (22%)
  1903882 downloaded (306704 bytes)
  1903877 downloaded (497718 bytes)
  1903883 downloaded (264639 bytes)
  1903879 downloaded (246698 bytes)
  1903875 downloaded (231631 bytes)
  进度: 90/380 (24%)
  1903885 downloaded (297112 bytes)
  1903886 downloaded (282342 bytes)
  1903892 downloaded (195022 bytes)
  1903891 downloaded (277886 bytes)
  1903893 downloaded (262654 bytes)
  进度: 95/380 (25%)
  1903888 downloaded (267902 bytes)
  1903887 downloaded (337790 bytes)
  1903884 downloaded (280386 bytes)
  1903890 downloaded (273789 bytes)
  1903889 downloaded (220645 bytes)
  进度: 100/380 (26%)
  1903898 downloaded (166662 bytes)
  1903894 downloaded (208356 bytes)
  1903903 downloaded (150198 bytes)
  1903901 downloaded (137628 bytes)
  1903897 downloaded (179276 bytes)
  进度: 105/380 (28%)
  1903899 downloaded (173077 bytes)
  1903900 downloaded (273219 bytes)
  1903896 downloaded (222342 bytes)
  1903895 downloaded (228732 bytes)
  1903902 downloaded (258933 bytes)
  进度: 110/380 (29%)
  1903909 downloaded (286092 bytes)
  1903910 downloaded (267121 bytes)
  1903907 downloaded (222471 bytes)
  1903905 downloaded (246899 bytes)
  1903913 downloaded (234013 bytes)
  进度: 115/380 (30%)
  1903904 downloaded (235158 bytes)
  1903911 downloaded (258310 bytes)
  1903908 downloaded (267527 bytes)
  1903912 downloaded (250057 bytes)
  1903906 downloaded (263752 bytes)
  进度: 120/380 (32%)
  1903914 downloaded (210434 bytes)
  1903923 downloaded (171081 bytes)
  1903918 downloaded (283562 bytes)
  1903921 downloaded (250807 bytes)
  1903916 downloaded (202381 bytes)
  进度: 125/380 (33%)
  1903915 downloaded (308789 bytes)
  1903922 downloaded (304655 bytes)
  1903919 downloaded (264055 bytes)
  1903920 downloaded (193131 bytes)
  1903917 downloaded (216463 bytes)
  进度: 130/380 (34%)
  1903930 downloaded (223257 bytes)
  1903932 downloaded (241052 bytes)
  1903924 downloaded (214023 bytes)
  1903925 downloaded (279478 bytes)
  1903931 downloaded (240987 bytes)
  进度: 135/380 (36%)
  1903927 downloaded (291363 bytes)
  1903926 downloaded (274456 bytes)
  1903933 downloaded (279881 bytes)
  1903928 downloaded (268389 bytes)
  1903929 downloaded (271614 bytes)
  进度: 140/380 (37%)
  1903942 downloaded (316678 bytes)
  1903935 downloaded (394994 bytes)
  1903934 downloaded (313184 bytes)
  1903939 downloaded (273719 bytes)
  1903943 downloaded (422337 bytes)
  进度: 145/380 (38%)
  1903936 downloaded (345842 bytes)
  1903940 downloaded (402126 bytes)
  1903938 downloaded (291571 bytes)
  1903941 downloaded (341874 bytes)
  1903937 downloaded (389031 bytes)
  进度: 150/380 (39%)
  1903953 downloaded (323999 bytes)
  1903949 downloaded (317103 bytes)
  1903952 downloaded (326838 bytes)
  1903947 downloaded (390733 bytes)
  1903945 downloaded (352943 bytes)
  进度: 155/380 (41%)
  1903946 downloaded (375255 bytes)
  1903948 downloaded (354572 bytes)
  1903944 downloaded (389986 bytes)
  1903950 downloaded (216820 bytes)
  1903951 downloaded (243374 bytes)
  进度: 160/380 (42%)
  1903958 downloaded (291503 bytes)
  1903957 downloaded (352574 bytes)
  1903956 downloaded (352648 bytes)
  1903962 downloaded (303745 bytes)
  1903959 downloaded (346450 bytes)
  进度: 165/380 (43%)
  1903955 downloaded (336223 bytes)
  1903954 downloaded (423263 bytes)
  1903963 downloaded (303488 bytes)
  1903961 downloaded (199276 bytes)
  1903960 downloaded (385404 bytes)
  进度: 170/380 (45%)
  1903969 downloaded (274501 bytes)
  1903970 downloaded (327167 bytes)
  1903973 downloaded (326887 bytes)
  1903964 downloaded (361475 bytes)
  1903966 downloaded (348741 bytes)
  进度: 175/380 (46%)
  1903971 downloaded (301008 bytes)
  1903968 downloaded (179115 bytes)
  1903972 downloaded (317594 bytes)
  1903965 downloaded (361753 bytes)
  1903967 downloaded (221496 bytes)
  进度: 180/380 (47%)
  1903978 downloaded (251505 bytes)
  1903981 downloaded (300809 bytes)
  1903980 downloaded (361086 bytes)
  1903979 downloaded (313865 bytes)
  1903975 downloaded (320252 bytes)
  进度: 185/380 (49%)
  1903976 downloaded (353252 bytes)
  1903983 downloaded (193116 bytes)
  1903982 downloaded (330617 bytes)
  1903974 downloaded (443627 bytes)
  1903977 downloaded (363149 bytes)
  进度: 190/380 (50%)
  1903990 downloaded (333055 bytes)
  1903987 downloaded (426716 bytes)
  1903984 downloaded (348797 bytes)
  1903985 downloaded (300250 bytes)
  1903988 downloaded (250683 bytes)
  进度: 195/380 (51%)
  1903991 downloaded (263071 bytes)
  1903986 downloaded (399819 bytes)
  1903993 downloaded (296763 bytes)
  1903989 downloaded (316683 bytes)
  1903992 downloaded (325445 bytes)
  进度: 200/380 (53%)
  1904000 downloaded (182472 bytes)
  1903994 downloaded (226795 bytes)
  1903998 downloaded (204531 bytes)
  1904002 downloaded (233110 bytes)
  1903996 downloaded (233859 bytes)
  进度: 205/380 (54%)
  1904001 downloaded (254682 bytes)
  1904003 downloaded (245010 bytes)
  1903999 downloaded (283021 bytes)
  1903995 downloaded (289904 bytes)
  1903997 downloaded (316805 bytes)
  进度: 210/380 (55%)
  1904006 downloaded (217997 bytes)
  1904007 downloaded (277773 bytes)
  1904012 downloaded (243131 bytes)
  1904011 downloaded (279867 bytes)
  1904013 downloaded (222781 bytes)
  进度: 215/380 (57%)
  1904009 downloaded (244126 bytes)
  1904010 downloaded (249409 bytes)
  1904008 downloaded (266648 bytes)
  1904005 downloaded (366870 bytes)
  1904004 downloaded (348578 bytes)
  进度: 220/380 (58%)
  1904019 downloaded (231198 bytes)
  1904023 downloaded (241160 bytes)
  1904018 downloaded (262210 bytes)
  1904016 downloaded (232662 bytes)
  1904015 downloaded (275194 bytes)
  进度: 225/380 (59%)
  1904021 downloaded (278342 bytes)
  1904017 downloaded (230701 bytes)
  1904014 downloaded (222200 bytes)
  1904020 downloaded (302228 bytes)
  1904022 downloaded (286584 bytes)
  进度: 230/380 (61%)
  1907194 downloaded (234863 bytes)
  1907192 downloaded (287538 bytes)
  1907190 downloaded (236728 bytes)
  1907188 downloaded (256398 bytes)
  1907193 downloaded (326968 bytes)
  进度: 235/380 (62%)
  1907189 downloaded (306015 bytes)
  1907187 downloaded (292502 bytes)
  1907195 downloaded (224018 bytes)
  1907191 downloaded (339659 bytes)
  1907196 downloaded (359131 bytes)
  进度: 240/380 (63%)
  1904027 downloaded (251163 bytes)
  1904024 downloaded (270230 bytes)
  1904031 downloaded (208630 bytes)
  1904032 downloaded (253686 bytes)
  1904033 downloaded (333905 bytes)
  进度: 245/380 (64%)
  1904030 downloaded (296968 bytes)
  1904028 downloaded (322237 bytes)
  1904029 downloaded (276897 bytes)
  1904026 downloaded (310168 bytes)
  1904025 downloaded (290633 bytes)
  进度: 250/380 (66%)
  1904042 downloaded (212880 bytes)
  1904038 downloaded (271220 bytes)
  1904040 downloaded (287222 bytes)
  1904037 downloaded (294700 bytes)
  1904039 downloaded (254220 bytes)
  进度: 255/380 (67%)
  1904041 downloaded (265102 bytes)
  1904034 downloaded (277032 bytes)
  1904036 downloaded (250204 bytes)
  1904035 downloaded (296658 bytes)
  1904043 downloaded (329388 bytes)
  进度: 260/380 (68%)
  1907199 downloaded (237446 bytes)
  1907203 downloaded (225069 bytes)
  1907197 downloaded (236396 bytes)
  1907205 downloaded (208317 bytes)
  1907198 downloaded (275907 bytes)
  进度: 265/380 (70%)
  1907204 downloaded (232527 bytes)
  1907200 downloaded (258918 bytes)
  1907201 downloaded (258314 bytes)
  1907202 downloaded (265909 bytes)
  1907206 downloaded (271942 bytes)
  进度: 270/380 (71%)
  1907214 downloaded (246110 bytes)
  1907209 downloaded (232051 bytes)
  1907211 downloaded (221628 bytes)
  1907210 downloaded (245073 bytes)
  1907208 downloaded (192856 bytes)
  进度: 275/380 (72%)
  1907215 downloaded (251696 bytes)
  1907212 downloaded (181669 bytes)
  1907207 downloaded (197763 bytes)
  1907216 downloaded (272666 bytes)
  1907213 downloaded (235838 bytes)
  进度: 280/380 (74%)
  1904048 downloaded (180902 bytes)
  1904044 downloaded (174466 bytes)
  1904050 downloaded (171537 bytes)
  1904049 downloaded (185287 bytes)
  1904051 downloaded (207739 bytes)
  进度: 285/380 (75%)
  1904053 downloaded (174654 bytes)
  1904046 downloaded (193578 bytes)
  1904045 downloaded (189437 bytes)
  1904052 downloaded (244807 bytes)
  1904047 downloaded (190943 bytes)
  进度: 290/380 (76%)
  1904060 downloaded (183139 bytes)
  1904059 downloaded (194649 bytes)
  1904054 downloaded (215204 bytes)
  1904061 downloaded (169343 bytes)
  1904057 downloaded (224395 bytes)
  进度: 295/380 (78%)
  1904055 downloaded (167116 bytes)
  1904063 downloaded (194292 bytes)
  1904058 downloaded (217346 bytes)
  1904056 downloaded (226733 bytes)
  1904062 downloaded (198080 bytes)
  进度: 300/380 (79%)
  1904073 downloaded (177987 bytes)
  1904065 downloaded (198834 bytes)
  1904068 downloaded (199346 bytes)
  1904067 downloaded (171632 bytes)
  1904069 downloaded (222187 bytes)
  进度: 305/380 (80%)
  1904066 downloaded (212663 bytes)
  1904071 downloaded (197618 bytes)
  1904070 downloaded (234199 bytes)
  1904072 downloaded (222231 bytes)
  1904064 downloaded (189006 bytes)
  进度: 310/380 (82%)
  1904080 downloaded (182750 bytes)
  1904081 downloaded (204508 bytes)
  1904075 downloaded (171374 bytes)
  1904083 downloaded (205590 bytes)
  1904076 downloaded (176327 bytes)
  进度: 315/380 (83%)
  1904074 downloaded (199198 bytes)
  1904078 downloaded (182329 bytes)
  1904079 downloaded (202520 bytes)
  1904077 downloaded (185244 bytes)
  1904082 downloaded (211059 bytes)
  进度: 320/380 (84%)
  1904085 downloaded (214262 bytes)
  1904086 downloaded (208832 bytes)
  1904093 downloaded (263888 bytes)
  1904089 downloaded (250565 bytes)
  1904087 downloaded (225045 bytes)
  进度: 325/380 (86%)
  1904084 downloaded (172542 bytes)
  1904092 downloaded (240769 bytes)
  1904091 downloaded (189157 bytes)
  1904088 downloaded (200734 bytes)
  1904090 downloaded (246969 bytes)
  进度: 330/380 (87%)
  1904101 downloaded (198271 bytes)
  1904097 downloaded (205554 bytes)
  1904100 downloaded (209443 bytes)
  1904096 downloaded (234567 bytes)
  1904103 downloaded (339236 bytes)
  进度: 335/380 (88%)
  1904099 downloaded (239380 bytes)
  1904095 downloaded (270827 bytes)
  1904102 downloaded (224262 bytes)
  1904098 downloaded (253575 bytes)
  1904094 downloaded (238498 bytes)
  进度: 340/380 (89%)
  1904112 downloaded (157497 bytes)
  1904106 downloaded (223697 bytes)
  1904107 downloaded (267371 bytes)
  1904105 downloaded (284757 bytes)
  1904109 downloaded (214739 bytes)
  进度: 345/380 (91%)
  1904111 downloaded (232341 bytes)
  1904104 downloaded (203411 bytes)
  1904113 downloaded (217203 bytes)
  1904108 downloaded (263815 bytes)
  1904110 downloaded (210464 bytes)
  进度: 350/380 (92%)
  1904121 downloaded (225045 bytes)
  1904115 downloaded (251758 bytes)
  1904117 downloaded (219507 bytes)
  1904116 downloaded (267525 bytes)
  1904120 downloaded (336202 bytes)
  进度: 355/380 (93%)
  1904114 downloaded (184248 bytes)
  1904119 downloaded (286622 bytes)
  1904123 downloaded (259884 bytes)
  1904118 downloaded (210865 bytes)
  1904122 downloaded (245007 bytes)
  进度: 360/380 (95%)
  1904131 downloaded (271030 bytes)
  1904133 downloaded (305964 bytes)
  1904130 downloaded (220602 bytes)
  1904126 downloaded (230633 bytes)
  1904128 downloaded (242815 bytes)
  进度: 365/380 (96%)
  1904125 downloaded (246573 bytes)
  1904129 downloaded (202241 bytes)
  1904132 downloaded (248618 bytes)
  1904127 downloaded (218509 bytes)
  1904124 downloaded (282068 bytes)
  进度: 370/380 (97%)
  1904138 downloaded (253009 bytes)
  1904141 downloaded (202436 bytes)
  1904143 downloaded (251512 bytes)
  1904142 downloaded (207244 bytes)
  1904139 downloaded (210177 bytes)
  进度: 375/380 (99%)
  1904137 downloaded (260274 bytes)
  1904135 downloaded (214479 bytes)
  1904140 downloaded (234732 bytes)
  1904136 downloaded (236994 bytes)
  1904134 downloaded (322752 bytes)
  进度: 380/380 (100%)
[英超/2020-2021] 完成: 380 成功, 0 跳过, 0 失败
